\BOOKMARK [1][-]{section*.1}{\376\377\000S\000u\000t\000a\000r\000t\000i\000n\000i\000s\000\040\000t\000e\000r\000m\000i\000n\001\163\000\040\001\176\000o\000d\000y\000n\000a\000s}{}% 1
\BOOKMARK [1][-]{section*.2}{\376\377\000S\000a\000n\000t\000r\000a\000u\000k\000a}{}% 2
\BOOKMARK [1][-]{section*.3}{\376\377\000S\000u\000m\000m\000a\000r\000y}{}% 3
\BOOKMARK [1][-]{section*.4}{\376\377\001\056\000v\000a\000d\000a\000s}{}% 4
\BOOKMARK [1][-]{section.1}{\376\377\000P\000a\000n\000a\001\141\000i\001\163\000\040\000s\000i\000s\000t\000e\000m\001\163\000\040\000a\000n\000a\000l\000i\000z\001\027}{}% 5
\BOOKMARK [2][-]{subsection.1.1}{\376\377\040\036\000M\000y\000\040\000S\000t\000o\000c\000k\000s\000\040\000P\000o\000r\000t\000f\000o\000l\000i\000o\000\040\000a\000n\000d\000\040\000W\000i\000d\000g\000e\000t\040\034\000\040\000a\000n\000a\000l\000i\000z\001\027}{section.1}% 6
\BOOKMARK [2][-]{subsection.1.2}{\376\377\040\036\000S\000t\000o\000c\000k\000s\000\040\000-\000\040\000R\000e\000a\000l\000t\000i\000m\000e\000\040\000S\000t\000o\000c\000k\000\040\000Q\000u\000o\000t\000e\000s\040\034\000\040\000a\000n\000a\000l\000i\000z\001\027}{section.1}% 7
\BOOKMARK [2][-]{subsection.1.3}{\376\377\000A\000n\000a\000l\000i\000z\001\027\000s\000\040\000i\001\141\000v\000a\000d\000o\000s}{section.1}% 8
\BOOKMARK [1][-]{section.2}{\376\377\000T\000e\000o\000r\000i\000n\000i\000s\000\040\000s\000i\000s\000t\000e\000m\000o\000s\000\040\000m\000o\000d\000e\000l\000i\000s}{}% 9
\BOOKMARK [2][-]{subsection.2.1}{\376\377\000S\000i\000s\000t\000e\000m\000o\000s\000\040\000r\000e\000i\000k\000a\000l\000a\000v\000i\000m\000a\000i}{section.2}% 10
\BOOKMARK [2][-]{subsection.2.2}{\376\377\000T\000e\000c\000h\000n\000o\000l\000o\000g\000i\000j\001\163\000\040\000p\000a\000s\000i\000r\000i\000n\000k\000i\000m\000a\000s}{section.2}% 11
\BOOKMARK [3][-]{subsubsection.2.2.1}{\376\377\040\036\000E\000x\000p\000o\000\040\000S\000D\000K\040\034\000\040\000p\000l\000a\000t\000f\000o\000r\000m\000a}{subsection.2.2}% 12
\BOOKMARK [3][-]{subsubsection.2.2.2}{\376\377\040\036\000R\000e\000a\000c\000t\000\040\000N\000a\000t\000i\000v\000e\000\040\000i\000r\000\040\000R\000e\000d\000u\000x\040\034}{subsection.2.2}% 13
\BOOKMARK [3][-]{subsubsection.2.2.3}{\376\377\040\036\000G\000e\000n\000y\000m\000o\000t\000i\000o\000n\040\034}{subsection.2.2}% 14
\BOOKMARK [2][-]{subsection.2.3}{\376\377\000V\000a\000r\000t\000o\000t\000o\000j\000o\000\040\000s\001\005\000s\000a\000j\000a}{section.2}% 15
\BOOKMARK [1][-]{section.3}{\376\377\000P\000r\000a\000k\000t\000i\000n\000i\000s\000\040\000p\000r\000o\000g\000r\000a\000m\001\027\000l\001\027\000s\000\040\001\057\000g\000y\000v\000e\000n\000d\000i\000n\000i\000m\000a\000s}{}% 16
\BOOKMARK [2][-]{subsection.3.1}{\376\377\000I\001\141\000o\000r\000i\000n\000i\001\163\000\040\000d\000u\000o\000m\000e\000n\001\163\000\040\001\141\000a\000l\000t\000i\000n\000i\001\163\000\040\000p\000a\000s\000i\000r\000i\000n\000k\000i\000m\000a\000s}{section.3}% 17
\BOOKMARK [1][-]{section*.7}{\376\377\000I\001\141\000v\000a\000d\000o\000s\000\040\000i\000r\000\040\000r\000e\000k\000o\000m\000e\000n\000d\000a\000c\000i\000j\000o\000s}{}% 18
\BOOKMARK [1][-]{section*.8}{\376\377\000A\000t\000e\000i\000t\000i\000e\000s\000\040\000t\000y\000r\000i\000m\001\163\000\040\000p\000l\000a\000n\000a\000s}{}% 19
\BOOKMARK [1][-]{section*.9}{\376\377\000L\000i\000t\000e\000r\000a\000t\001\153\000r\000o\000s\000\040\001\141\000a\000l\000t\000i\000n\000i\000a\000i}{}% 20
\BOOKMARK [1][-]{section*.11}{\376\377\000P\000r\000i\000e\000d\000a\000i}{}% 21
\BOOKMARK [1][-]{Priedas.1.A}{\376\377\000P\000i\000r\000m\000o\000j\000i\000\040\000a\000n\000a\000l\000i\000z\000u\000o\000t\000a\000\040\000a\000p\000l\000i\000k\000a\000c\000i\000j\000a}{}% 22
\BOOKMARK [1][-]{Priedas.1.B}{\376\377\000P\000i\000r\000m\000o\000j\000i\000\040\000a\000n\000a\000l\000i\000z\000u\000o\000t\000a\000\040\000a\000p\000l\000i\000k\000a\000c\000i\000j\000a}{}% 23
\BOOKMARK [1][-]{Priedas.1.C}{\376\377\000A\000n\000t\000r\000o\000j\000i\000\040\000a\000n\000a\000l\000i\000z\000u\000o\000t\000a\000\040\000a\000p\000l\000i\000k\000a\000c\000i\000j\000a}{}% 24
\BOOKMARK [1][-]{Priedas.1.D}{\376\377\000A\000n\000t\000r\000o\000j\000i\000\040\000a\000n\000a\000l\000i\000z\000u\000o\000t\000a\000\040\000a\000p\000l\000i\000k\000a\000c\000i\000j\000a}{}% 25
\BOOKMARK [1][-]{Priedas.1.E}{\376\377\000A\000n\000t\000r\000o\000j\000o\000\040\000p\000r\000i\000e\000d\000o\000\040\000p\000a\000v\000a\000d\000i\000n\000i\000m\000a\000s}{}% 26
